<?xml version="1.0" encoding="UTF-8"?>
<testsuite name="UserTest" tests="4" skipped="0" failures="0" errors="0" timestamp="2021-12-08T22:31:50" hostname="linuxremote3.bucknell.edu" time="0.032">
  <properties/>
  <testcase name="numTasks()" classname="UserTest" time="0.027"/>
  <testcase name="getListOfTasks()" classname="UserTest" time="0.001"/>
  <testcase name="addTask()" classname="UserTest" time="0.001"/>
  <testcase name="getBirthday()" classname="UserTest" time="0.001"/>
  <system-out><![CDATA[]]></system-out>
  <system-err><![CDATA[]]></system-err>
</testsuite>
